info it worked if it ends with ok
verbose cli [ 'node',
verbose cli   '/opt/local/bin/npm',
verbose cli   'install',
verbose cli   '-g',
verbose cli   'wtfjs' ]
info using npm@1.0.22
info using node@v0.4.10
verbose config file /Users/lwy08/.npmrc
verbose config file /opt/local/etc/npmrc
verbose into /opt/local/lib [ 'wtfjs' ]
verbose cache add [ 'wtfjs', null ]
info addNamed [ 'wtfjs', '' ]
verbose addNamed [ null, '' ]
verbose GET wtfjs
verbose raw, before any munging wtfjs
verbose url resolving [ 'https://registry.npmjs.org/', './wtfjs' ]
verbose url resolved https://registry.npmjs.org/wtfjs
verbose url parsed { protocol: 'https:',
verbose url parsed   slashes: true,
verbose url parsed   host: 'registry.npmjs.org',
verbose url parsed   hostname: 'registry.npmjs.org',
verbose url parsed   href: 'https://registry.npmjs.org/wtfjs',
verbose url parsed   pathname: '/wtfjs' }
verbose response https://registry.npmjs.org/wtfjs
silly chunk {"error":"not_found","reason":"document not found"}
silly chunk 
silly get cb [ 404,
silly get cb   { server: 'CouchDB/1.1.0 (Erlang OTP/R14B03)',
silly get cb     date: 'Thu, 01 Sep 2011 20:58:11 GMT',
silly get cb     'content-type': 'application/json',
silly get cb     'content-length': '52',
silly get cb     'cache-control': 'must-revalidate' } ]
ERR! 404 'wtfjs' is not in the npm registry.
ERR! 404 You should bug the author to publish it.
ERR! 404 Note that you can also install from a tarball or folder.
ERR! 
ERR! System Darwin 11.1.0
ERR! command "node" "/opt/local/bin/npm" "install" "-g" "wtfjs"
ERR! cwd /Users/lwy08/Documents/evandrix.github.com/js/wtfjs
ERR! node -v v0.4.10
ERR! npm -v 1.0.22
verbose exit [ 1, true ]
