Creating scope :page. Overwriting existing method User.page.
  [1m[36m (0.4ms)[0m  [1mselect sqlite_version(*)[0m
  [1m[35m (1.4ms)[0m  CREATE TABLE "schema_migrations" ("version" varchar(255) NOT NULL) 
  [1m[36m (0.0ms)[0m  [1mPRAGMA index_list("schema_migrations")[0m
  [1m[35m (1.0ms)[0m  CREATE UNIQUE INDEX "unique_schema_migrations" ON "schema_migrations" ("version")
  [1m[36m (0.1ms)[0m  [1mSELECT "schema_migrations"."version" FROM "schema_migrations" [0m
Creating scope :page. Overwriting existing method User.page.
  [1m[36m (0.1ms)[0m  [1mSELECT "schema_migrations"."version" FROM "schema_migrations" [0m
Migrating to DeviseCreateUsers (20110913200833)
  [1m[35m (0.0ms)[0m  select sqlite_version(*)
  [1m[36m (0.6ms)[0m  [1mCREATE TABLE "users" ("id" INTEGER PRIMARY KEY AUTOINCREMENT NOT NULL, "email" varchar(255) DEFAULT '' NOT NULL, "encrypted_password" varchar(128) DEFAULT '' NOT NULL, "reset_password_token" varchar(255), "reset_password_sent_at" datetime, "remember_created_at" datetime, "sign_in_count" integer DEFAULT 0, "current_sign_in_at" datetime, "last_sign_in_at" datetime, "current_sign_in_ip" varchar(255), "last_sign_in_ip" varchar(255), "created_at" datetime, "updated_at" datetime) [0m
  [1m[35m (0.0ms)[0m  PRAGMA index_list("users")
  [1m[36m (0.3ms)[0m  [1mCREATE UNIQUE INDEX "index_users_on_email" ON "users" ("email")[0m
  [1m[35m (0.0ms)[0m  PRAGMA index_list("users")
  [1m[36m (0.0ms)[0m  [1mPRAGMA index_info('index_users_on_email')[0m
  [1m[35m (0.1ms)[0m  CREATE UNIQUE INDEX "index_users_on_reset_password_token" ON "users" ("reset_password_token")
  [1m[36m (0.1ms)[0m  [1mINSERT INTO "schema_migrations" ("version") VALUES ('20110913200833')[0m
Migrating to CreateProjects (20110913204141)
  [1m[35m (0.5ms)[0m  CREATE TABLE "projects" ("id" INTEGER PRIMARY KEY AUTOINCREMENT NOT NULL, "name" varchar(255), "path" varchar(255), "description" text, "created_at" datetime, "updated_at" datetime) 
  [1m[36m (0.1ms)[0m  [1mINSERT INTO "schema_migrations" ("version") VALUES ('20110913204141')[0m
Migrating to CreateUsersProjects (20110914221600)
  [1m[35m (0.6ms)[0m  CREATE TABLE "users_projects" ("id" INTEGER PRIMARY KEY AUTOINCREMENT NOT NULL, "user_id" integer NOT NULL, "project_id" integer NOT NULL, "read" boolean DEFAULT 'f', "write" boolean DEFAULT 'f', "admin" boolean DEFAULT 'f', "created_at" datetime, "updated_at" datetime) 
  [1m[36m (0.1ms)[0m  [1mINSERT INTO "schema_migrations" ("version") VALUES ('20110914221600')[0m
Migrating to AddPrivateFlagToProject (20110915205627)
  [1m[35m (0.9ms)[0m  ALTER TABLE "projects" ADD "private_flag" boolean DEFAULT 't' NOT NULL
  [1m[36m (0.2ms)[0m  [1mINSERT INTO "schema_migrations" ("version") VALUES ('20110915205627')[0m
Migrating to CreateKeys (20110915213352)
  [1m[35m (0.7ms)[0m  CREATE TABLE "keys" ("id" INTEGER PRIMARY KEY AUTOINCREMENT NOT NULL, "user_id" integer NOT NULL, "project_id" text NOT NULL, "created_at" datetime, "updated_at" datetime) 
  [1m[36m (0.2ms)[0m  [1mINSERT INTO "schema_migrations" ("version") VALUES ('20110915213352')[0m
Migrating to AddNameToUser (20110916123731)
  [1m[35m (0.6ms)[0m  ALTER TABLE "users" ADD "name" varchar(255)
  [1m[36m (0.1ms)[0m  [1mINSERT INTO "schema_migrations" ("version") VALUES ('20110916123731')[0m
Migrating to AddKeyTitleToKey (20110916162511)
  [1m[35m (0.5ms)[0m  ALTER TABLE "keys" ADD "key" text
  [1m[36m (0.2ms)[0m  [1mALTER TABLE "keys" ADD "title" varchar(255)[0m
  [1m[35m (0.6ms)[0m  CREATE TEMPORARY TABLE "altered_keys" ("id" INTEGER PRIMARY KEY AUTOINCREMENT NOT NULL, "user_id" integer NOT NULL, "project_id" text NOT NULL, "created_at" datetime, "updated_at" datetime, "key" text, "title" varchar(255)) 
  [1m[36m (0.0ms)[0m  [1mPRAGMA index_list("keys")[0m
  [1m[35m (0.1ms)[0m  SELECT * FROM "keys"
  [1m[36m (0.4ms)[0m  [1mDROP TABLE "keys"[0m
  [1m[35m (0.3ms)[0m  CREATE TABLE "keys" ("id" INTEGER PRIMARY KEY AUTOINCREMENT NOT NULL, "user_id" integer NOT NULL, "created_at" datetime, "updated_at" datetime, "key" text, "title" varchar(255)) 
  [1m[36m (0.0ms)[0m  [1mPRAGMA index_list("altered_keys")[0m
  [1m[35m (0.2ms)[0m  SELECT * FROM "altered_keys"
  [1m[36m (0.5ms)[0m  [1mDROP TABLE "altered_keys"[0m
  [1m[35m (0.2ms)[0m  INSERT INTO "schema_migrations" ("version") VALUES ('20110916162511')
Migrating to AddIdentifierToKey (20110917212932)
  [1m[36m (0.6ms)[0m  [1mALTER TABLE "keys" ADD "identifier" varchar(255)[0m
  [1m[35m (0.1ms)[0m  INSERT INTO "schema_migrations" ("version") VALUES ('20110917212932')
Migrating to CreateIssues (20110921192501)
  [1m[36m (0.8ms)[0m  [1mCREATE TABLE "issues" ("id" INTEGER PRIMARY KEY AUTOINCREMENT NOT NULL, "title" varchar(255), "content" text, "assignee_id" integer, "author_id" integer, "project_id" integer, "created_at" datetime, "updated_at" datetime) [0m
  [1m[35m (0.2ms)[0m  INSERT INTO "schema_migrations" ("version") VALUES ('20110921192501')
Migrating to AddCodeToProject (20110922110156)
  [1m[36m (0.5ms)[0m  [1mALTER TABLE "projects" ADD "code" varchar(255)[0m
  [1m[35m (0.1ms)[0m  INSERT INTO "schema_migrations" ("version") VALUES ('20110922110156')
Migrating to AddStatusToIssue (20110923211333)
  [1m[36m (0.6ms)[0m  [1mALTER TABLE "issues" ADD "closed" boolean DEFAULT 'f' NOT NULL[0m
  [1m[35m (0.1ms)[0m  INSERT INTO "schema_migrations" ("version") VALUES ('20110923211333')
Migrating to CreateRailsAdminHistoriesTable (20110924214549)
  [1m[36m (0.6ms)[0m  [1mCREATE TABLE "rails_admin_histories" ("id" INTEGER PRIMARY KEY AUTOINCREMENT NOT NULL, "message" text, "username" varchar(255), "item" integer, "table" varchar(255), "month" integer(2), "year" integer(5), "created_at" datetime, "updated_at" datetime) [0m
  [1m[35m (0.1ms)[0m  PRAGMA index_list("rails_admin_histories")
  [1m[36m (0.2ms)[0m  [1mCREATE INDEX "index_rails_admin_histories" ON "rails_admin_histories" ("item", "table", "month", "year")[0m
  [1m[35m (0.1ms)[0m  INSERT INTO "schema_migrations" ("version") VALUES ('20110924214549')
Migrating to AddAdminFieldToUser (20110924215658)
  [1m[36m (0.7ms)[0m  [1mALTER TABLE "users" ADD "admin" boolean DEFAULT 'f' NOT NULL[0m
  [1m[35m (0.1ms)[0m  INSERT INTO "schema_migrations" ("version") VALUES ('20110924215658')
Migrating to RemoveAdmin (20110926082616)
  [1m[36m (0.6ms)[0m  [1mDROP TABLE "rails_admin_histories"[0m
  [1m[35m (0.1ms)[0m  INSERT INTO "schema_migrations" ("version") VALUES ('20110926082616')
Migrating to CreateNotes (20110927130352)
  [1m[36m (0.6ms)[0m  [1mCREATE TABLE "notes" ("id" INTEGER PRIMARY KEY AUTOINCREMENT NOT NULL, "note" varchar(255), "noteable_id" integer, "noteable_type" varchar(255), "author_id" integer, "created_at" datetime, "updated_at" datetime) [0m
  [1m[35m (0.1ms)[0m  INSERT INTO "schema_migrations" ("version") VALUES ('20110927130352')
Migrating to AddProjectIdForNote (20110928140106)
  [1m[36m (0.5ms)[0m  [1mALTER TABLE "notes" ADD "project_id" integer[0m
  [1m[35m (0.1ms)[0m  INSERT INTO "schema_migrations" ("version") VALUES ('20110928140106')
Migrating to ChangeNoteableIdForNote (20110928142747)
  [1m[36m (0.3ms)[0m  [1mCREATE TEMPORARY TABLE "altered_notes" ("id" INTEGER PRIMARY KEY AUTOINCREMENT NOT NULL, "note" varchar(255), "noteable_id" integer, "noteable_type" varchar(255), "author_id" integer, "created_at" datetime, "updated_at" datetime, "project_id" integer) [0m
  [1m[35m (0.0ms)[0m  PRAGMA index_list("notes")
  [1m[36m (0.2ms)[0m  [1mSELECT * FROM "notes"[0m
  [1m[35m (0.4ms)[0m  DROP TABLE "notes"
  [1m[36m (0.2ms)[0m  [1mCREATE TABLE "notes" ("id" INTEGER PRIMARY KEY AUTOINCREMENT NOT NULL, "note" varchar(255), "noteable_id" varchar(255), "noteable_type" varchar(255), "author_id" integer, "created_at" datetime, "updated_at" datetime, "project_id" integer) [0m
  [1m[35m (0.0ms)[0m  PRAGMA index_list("altered_notes")
  [1m[36m (0.1ms)[0m  [1mSELECT * FROM "altered_notes"[0m
  [1m[35m (0.1ms)[0m  DROP TABLE "altered_notes"
  [1m[36m (0.1ms)[0m  [1mINSERT INTO "schema_migrations" ("version") VALUES ('20110928142747')[0m
Migrating to AddAttachmentToNote (20110928161328)
  [1m[35m (0.6ms)[0m  ALTER TABLE "notes" ADD "attachment" varchar(255)
  [1m[36m (0.2ms)[0m  [1mINSERT INTO "schema_migrations" ("version") VALUES ('20110928161328')[0m
Migrating to AddAllowRepoCreationForUser (20111005193700)
  [1m[35m (0.6ms)[0m  ALTER TABLE "users" ADD "allowed_create_repo" boolean DEFAULT 't' NOT NULL
  [1m[36m (0.2ms)[0m  [1mINSERT INTO "schema_migrations" ("version") VALUES ('20111005193700')[0m
Migrating to AddOwnertoProject (20111009101738)
  [1m[35m (0.6ms)[0m  ALTER TABLE "projects" ADD "owner_id" integer
  [1m[36m (0.2ms)[0m  [1mINSERT INTO "schema_migrations" ("version") VALUES ('20111009101738')[0m
Migrating to AddProjectsLimitToUser (20111009110913)
  [1m[35m (0.5ms)[0m  ALTER TABLE "users" ADD "projects_limit" integer DEFAULT 10
  [1m[36m (0.1ms)[0m  [1mINSERT INTO "schema_migrations" ("version") VALUES ('20111009110913')[0m
Migrating to RemoveAllowCreateRepoFromUser (20111009111204)
  [1m[35m (0.3ms)[0m  CREATE TEMPORARY TABLE "altered_users" ("id" INTEGER PRIMARY KEY AUTOINCREMENT NOT NULL, "email" varchar(255) DEFAULT '' NOT NULL, "encrypted_password" varchar(128) DEFAULT '' NOT NULL, "reset_password_token" varchar(255), "reset_password_sent_at" datetime, "remember_created_at" datetime, "sign_in_count" integer DEFAULT 0, "current_sign_in_at" datetime, "last_sign_in_at" datetime, "current_sign_in_ip" varchar(255), "last_sign_in_ip" varchar(255), "created_at" datetime, "updated_at" datetime, "name" varchar(255), "admin" boolean DEFAULT 'f' NOT NULL, "allowed_create_repo" boolean DEFAULT 't' NOT NULL, "projects_limit" integer DEFAULT 10) 
  [1m[36m (0.0ms)[0m  [1mPRAGMA index_list("users")[0m
  [1m[35m (0.0ms)[0m  PRAGMA index_info('index_users_on_reset_password_token')
  [1m[36m (0.0ms)[0m  [1mPRAGMA index_info('index_users_on_email')[0m
  [1m[35m (0.1ms)[0m  PRAGMA index_list("altered_users")
  [1m[36m (0.3ms)[0m  [1mCREATE UNIQUE INDEX "temp_index_altered_users_on_reset_password_token" ON "altered_users" ("reset_password_token")[0m
  [1m[35m (0.1ms)[0m  PRAGMA index_list("altered_users")
  [1m[36m (0.0ms)[0m  [1mPRAGMA index_info('temp_index_altered_users_on_reset_password_token')[0m
  [1m[35m (0.2ms)[0m  CREATE UNIQUE INDEX "temp_index_altered_users_on_email" ON "altered_users" ("email")
  [1m[36m (0.2ms)[0m  [1mSELECT * FROM "users"[0m
  [1m[35m (0.4ms)[0m  DROP TABLE "users"
  [1m[36m (0.3ms)[0m  [1mCREATE TABLE "users" ("id" INTEGER PRIMARY KEY AUTOINCREMENT NOT NULL, "email" varchar(255) DEFAULT '' NOT NULL, "encrypted_password" varchar(128) DEFAULT '' NOT NULL, "reset_password_token" varchar(255), "reset_password_sent_at" datetime, "remember_created_at" datetime, "sign_in_count" integer DEFAULT 0, "current_sign_in_at" datetime, "last_sign_in_at" datetime, "current_sign_in_ip" varchar(255), "last_sign_in_ip" varchar(255), "created_at" datetime, "updated_at" datetime, "name" varchar(255), "admin" boolean DEFAULT 'f' NOT NULL, "projects_limit" integer DEFAULT 10) [0m
  [1m[35m (0.0ms)[0m  PRAGMA index_list("altered_users")
  [1m[36m (0.0ms)[0m  [1mPRAGMA index_info('temp_index_altered_users_on_email')[0m
  [1m[35m (0.0ms)[0m  PRAGMA index_info('temp_index_altered_users_on_reset_password_token')
  [1m[36m (0.0ms)[0m  [1mPRAGMA index_list("users")[0m
  [1m[35m (0.4ms)[0m  CREATE UNIQUE INDEX "index_users_on_email" ON "users" ("email")
  [1m[36m (0.1ms)[0m  [1mPRAGMA index_list("users")[0m
  [1m[35m (0.0ms)[0m  PRAGMA index_info('index_users_on_email')
  [1m[36m (0.2ms)[0m  [1mCREATE UNIQUE INDEX "index_users_on_reset_password_token" ON "users" ("reset_password_token")[0m
  [1m[35m (0.1ms)[0m  SELECT * FROM "altered_users"
  [1m[36m (0.2ms)[0m  [1mDROP TABLE "altered_users"[0m
  [1m[35m (0.1ms)[0m  INSERT INTO "schema_migrations" ("version") VALUES ('20111009111204')
  [1m[36m (0.4ms)[0m  [1mselect sqlite_version(*)[0m
  [1m[35m (0.1ms)[0m  SELECT "schema_migrations"."version" FROM "schema_migrations" 
  [1m[36m (0.0ms)[0m  [1mPRAGMA index_list("issues")[0m
  [1m[35m (0.1ms)[0m  PRAGMA index_list("keys")
  [1m[36m (0.0ms)[0m  [1mPRAGMA index_list("notes")[0m
  [1m[35m (0.0ms)[0m  PRAGMA index_list("projects")
  [1m[36m (0.0ms)[0m  [1mPRAGMA index_list("users")[0m
  [1m[35m (0.0ms)[0m  PRAGMA index_info('index_users_on_reset_password_token')
  [1m[36m (0.0ms)[0m  [1mPRAGMA index_info('index_users_on_email')[0m
  [1m[35m (0.0ms)[0m  PRAGMA index_list("users_projects")
Creating scope :page. Overwriting existing method User.page.
  [1m[36m (0.1ms)[0m  [1mSELECT "schema_migrations"."version" FROM "schema_migrations" [0m
  [1m[35m (0.2ms)[0m  select sqlite_version(*)
  [1m[36m (1.8ms)[0m  [1mCREATE TABLE "issues" ("id" INTEGER PRIMARY KEY AUTOINCREMENT NOT NULL, "title" varchar(255), "content" text, "assignee_id" integer, "author_id" integer, "project_id" integer, "created_at" datetime, "updated_at" datetime, "closed" boolean DEFAULT 'f' NOT NULL) [0m
  [1m[35m (1.0ms)[0m  CREATE TABLE "keys" ("id" INTEGER PRIMARY KEY AUTOINCREMENT NOT NULL, "user_id" integer NOT NULL, "created_at" datetime, "updated_at" datetime, "key" text, "title" varchar(255), "identifier" varchar(255)) 
  [1m[36m (1.0ms)[0m  [1mCREATE TABLE "notes" ("id" INTEGER PRIMARY KEY AUTOINCREMENT NOT NULL, "note" varchar(255), "noteable_id" varchar(255), "noteable_type" varchar(255), "author_id" integer, "created_at" datetime, "updated_at" datetime, "project_id" integer, "attachment" varchar(255)) [0m
  [1m[35m (1.2ms)[0m  CREATE TABLE "projects" ("id" INTEGER PRIMARY KEY AUTOINCREMENT NOT NULL, "name" varchar(255), "path" varchar(255), "description" text, "created_at" datetime, "updated_at" datetime, "private_flag" boolean DEFAULT 't' NOT NULL, "code" varchar(255), "owner_id" integer) 
  [1m[36m (1.1ms)[0m  [1mCREATE TABLE "users" ("id" INTEGER PRIMARY KEY AUTOINCREMENT NOT NULL, "email" varchar(255) DEFAULT '' NOT NULL, "encrypted_password" varchar(128) DEFAULT '' NOT NULL, "reset_password_token" varchar(255), "reset_password_sent_at" datetime, "remember_created_at" datetime, "sign_in_count" integer DEFAULT 0, "current_sign_in_at" datetime, "last_sign_in_at" datetime, "current_sign_in_ip" varchar(255), "last_sign_in_ip" varchar(255), "created_at" datetime, "updated_at" datetime, "name" varchar(255), "admin" boolean DEFAULT 'f' NOT NULL, "projects_limit" integer DEFAULT 10) [0m
  [1m[35m (0.0ms)[0m  PRAGMA index_list("users")
  [1m[36m (1.1ms)[0m  [1mCREATE UNIQUE INDEX "index_users_on_email" ON "users" ("email")[0m
  [1m[35m (0.0ms)[0m  PRAGMA index_list("users")
  [1m[36m (0.0ms)[0m  [1mPRAGMA index_info('index_users_on_email')[0m
  [1m[35m (1.1ms)[0m  CREATE UNIQUE INDEX "index_users_on_reset_password_token" ON "users" ("reset_password_token")
  [1m[36m (1.3ms)[0m  [1mCREATE TABLE "users_projects" ("id" INTEGER PRIMARY KEY AUTOINCREMENT NOT NULL, "user_id" integer NOT NULL, "project_id" integer NOT NULL, "read" boolean DEFAULT 'f', "write" boolean DEFAULT 'f', "admin" boolean DEFAULT 'f', "created_at" datetime, "updated_at" datetime) [0m
  [1m[35m (1.1ms)[0m  CREATE TABLE "schema_migrations" ("version" varchar(255) NOT NULL) 
  [1m[36m (0.0ms)[0m  [1mPRAGMA index_list("schema_migrations")[0m
  [1m[35m (1.1ms)[0m  CREATE UNIQUE INDEX "unique_schema_migrations" ON "schema_migrations" ("version")
  [1m[36m (0.1ms)[0m  [1mSELECT version FROM "schema_migrations"[0m
  [1m[35m (1.5ms)[0m  INSERT INTO "schema_migrations" (version) VALUES ('20111009111204')
  [1m[36m (0.8ms)[0m  [1mINSERT INTO "schema_migrations" (version) VALUES ('20110913200833')[0m
  [1m[35m (0.9ms)[0m  INSERT INTO "schema_migrations" (version) VALUES ('20110913204141')
  [1m[36m (0.8ms)[0m  [1mINSERT INTO "schema_migrations" (version) VALUES ('20110914221600')[0m
  [1m[35m (0.8ms)[0m  INSERT INTO "schema_migrations" (version) VALUES ('20110915205627')
  [1m[36m (0.8ms)[0m  [1mINSERT INTO "schema_migrations" (version) VALUES ('20110915213352')[0m
  [1m[35m (1.0ms)[0m  INSERT INTO "schema_migrations" (version) VALUES ('20110916123731')
  [1m[36m (1.1ms)[0m  [1mINSERT INTO "schema_migrations" (version) VALUES ('20110916162511')[0m
  [1m[35m (0.8ms)[0m  INSERT INTO "schema_migrations" (version) VALUES ('20110917212932')
  [1m[36m (0.8ms)[0m  [1mINSERT INTO "schema_migrations" (version) VALUES ('20110921192501')[0m
  [1m[35m (0.8ms)[0m  INSERT INTO "schema_migrations" (version) VALUES ('20110922110156')
  [1m[36m (0.9ms)[0m  [1mINSERT INTO "schema_migrations" (version) VALUES ('20110923211333')[0m
  [1m[35m (0.8ms)[0m  INSERT INTO "schema_migrations" (version) VALUES ('20110924214549')
  [1m[36m (0.8ms)[0m  [1mINSERT INTO "schema_migrations" (version) VALUES ('20110924215658')[0m
  [1m[35m (0.8ms)[0m  INSERT INTO "schema_migrations" (version) VALUES ('20110926082616')
  [1m[36m (0.9ms)[0m  [1mINSERT INTO "schema_migrations" (version) VALUES ('20110927130352')[0m
  [1m[35m (0.9ms)[0m  INSERT INTO "schema_migrations" (version) VALUES ('20110928140106')
  [1m[36m (0.9ms)[0m  [1mINSERT INTO "schema_migrations" (version) VALUES ('20110928142747')[0m
  [1m[35m (0.8ms)[0m  INSERT INTO "schema_migrations" (version) VALUES ('20110928161328')
  [1m[36m (0.8ms)[0m  [1mINSERT INTO "schema_migrations" (version) VALUES ('20111005193700')[0m
  [1m[35m (0.8ms)[0m  INSERT INTO "schema_migrations" (version) VALUES ('20111009101738')
  [1m[36m (0.8ms)[0m  [1mINSERT INTO "schema_migrations" (version) VALUES ('20111009110913')[0m
